[0.151s] Invoking command in '/home/kanja-koduki/buck_ws/build/pointcloud': CMAKE_PREFIX_PATH=${CMAKE_PREFIX_PATH}:/home/kanja-koduki/buck_ws/install/my_point:/home/kanja-koduki/buck_ws/install/model_py:/home/kanja-koduki/hannah_ws/install/hannah_bot:/home/kanja-koduki/niki_ws/install/sjtu_drone_bringup:/home/kanja-koduki/zypher_ws/install/prius_sdc_pkg:/home/kanja-koduki/ortega_ws/install/ortega_bot:/opt/ros/humble /home/kanja-koduki/.local/bin/cmake --build /home/kanja-koduki/buck_ws/build/pointcloud -- -j8 -l8
[0.179s] -- Found ament_cmake: 1.3.5 (/opt/ros/humble/share/ament_cmake/cmake)
[0.357s] -- Found rosidl_default_generators: 1.2.0 (/opt/ros/humble/share/rosidl_default_generators/cmake)
[0.360s] -- Using all available rosidl_typesupport_c: rosidl_typesupport_fastrtps_c;rosidl_typesupport_introspection_c
[0.362s] -- Found rosidl_adapter: 3.1.5 (/opt/ros/humble/share/rosidl_adapter/cmake)
[0.389s] -- Using all available rosidl_typesupport_cpp: rosidl_typesupport_fastrtps_cpp;rosidl_typesupport_introspection_cpp
[0.749s] -- Found ament_cmake_ros: 0.10.0 (/opt/ros/humble/share/ament_cmake_ros/cmake)
[1.046s] -- Using all available rosidl_typesupport_c: rosidl_typesupport_fastrtps_c;rosidl_typesupport_introspection_c
[1.441s] -- Using all available rosidl_typesupport_cpp: rosidl_typesupport_fastrtps_cpp;rosidl_typesupport_introspection_cpp
[1.443s] [33mCMake Warning (dev) at /opt/ros/humble/share/rosidl_generator_py/cmake/rosidl_generator_py_generate_interfaces.cmake:20 (find_package):
[1.443s]   Policy CMP0148 is not set: The FindPythonInterp and FindPythonLibs modules
[1.443s]   are removed.  Run "cmake --help-policy CMP0148" for policy details.  Use
[1.443s]   the cmake_policy command to set the policy and suppress this warning.
[1.443s] 
[1.444s] Call Stack (most recent call first):
[1.444s]   /opt/ros/humble/share/ament_cmake_core/cmake/core/ament_execute_extensions.cmake:48 (include)
[1.444s]   /opt/ros/humble/share/rosidl_cmake/cmake/rosidl_generate_interfaces.cmake:286 (ament_execute_extensions)
[1.444s]   CMakeLists.txt:12 (rosidl_generate_interfaces)
[1.444s] This warning is for project developers.  Use -Wno-dev to suppress it.
[1.444s] [0m
[1.463s] -- Found PythonInterp: /usr/bin/python3 (found suitable version "3.10.12", minimum required is "3.6") 
[1.466s] -- Found python_cmake_module: 0.10.0 (/opt/ros/humble/share/python_cmake_module/cmake)
[1.467s] [33mCMake Warning (dev) at /opt/ros/humble/share/python_cmake_module/cmake/Modules/FindPythonExtra.cmake:52 (find_package):
[1.467s]   Policy CMP0148 is not set: The FindPythonInterp and FindPythonLibs modules
[1.467s]   are removed.  Run "cmake --help-policy CMP0148" for policy details.  Use
[1.467s]   the cmake_policy command to set the policy and suppress this warning.
[1.467s] 
[1.467s] Call Stack (most recent call first):
[1.467s]   /opt/ros/humble/share/rosidl_generator_py/cmake/rosidl_generator_py_generate_interfaces.cmake:23 (find_package)
[1.467s]   /opt/ros/humble/share/ament_cmake_core/cmake/core/ament_execute_extensions.cmake:48 (include)
[1.467s]   /opt/ros/humble/share/rosidl_cmake/cmake/rosidl_generate_interfaces.cmake:286 (ament_execute_extensions)
[1.467s]   CMakeLists.txt:12 (rosidl_generate_interfaces)
[1.467s] This warning is for project developers.  Use -Wno-dev to suppress it.
[1.467s] [0m
[1.484s] [33mCMake Warning (dev) at /opt/ros/humble/share/python_cmake_module/cmake/Modules/FindPythonExtra.cmake:140 (find_package):
[1.484s]   Policy CMP0148 is not set: The FindPythonInterp and FindPythonLibs modules
[1.484s]   are removed.  Run "cmake --help-policy CMP0148" for policy details.  Use
[1.484s]   the cmake_policy command to set the policy and suppress this warning.
[1.484s] 
[1.484s] Call Stack (most recent call first):
[1.484s]   /opt/ros/humble/share/rosidl_generator_py/cmake/rosidl_generator_py_generate_interfaces.cmake:23 (find_package)
[1.484s]   /opt/ros/humble/share/ament_cmake_core/cmake/core/ament_execute_extensions.cmake:48 (include)
[1.484s]   /opt/ros/humble/share/rosidl_cmake/cmake/rosidl_generate_interfaces.cmake:286 (ament_execute_extensions)
[1.484s]   CMakeLists.txt:12 (rosidl_generate_interfaces)
[1.484s] This warning is for project developers.  Use -Wno-dev to suppress it.
[1.484s] [0m
[1.492s] -- Found PythonLibs: /usr/lib/x86_64-linux-gnu/libpython3.10.so (found suitable version "3.10.12", minimum required is "3.5") 
[1.492s] -- Using PYTHON_EXECUTABLE: /usr/bin/python3
[1.492s] -- Using PYTHON_INCLUDE_DIRS: /usr/include/python3.10
[1.492s] -- Using PYTHON_LIBRARIES: /usr/lib/x86_64-linux-gnu/libpython3.10.so
[1.509s] -- Found PythonExtra: .so  
[1.545s] -- Configuring done (1.4s)
[1.570s] -- Generating done (0.0s)
[1.573s] -- Build files have been written to: /home/kanja-koduki/buck_ws/build/pointcloud
[1.587s] [  3%] [34m[1mGenerating C code for ROS interfaces[0m
[1.590s] [  6%] [34m[1mGenerating C++ code for ROS interfaces[0m
[1.592s] [  6%] Built target ament_cmake_python_copy_pointcloud
[1.617s] Traceback (most recent call last):
[1.617s]   File "/home/kanja-koduki/buck_ws/build/pointcloud/ament_cmake_python/pointcloud/setup.py", line 1, in <module>
[1.617s]     from setuptools import find_packages
[1.617s]   File "/usr/lib/python3/dist-packages/setuptools/__init__.py", line 10, in <module>
[1.617s]     import distutils.core
[1.617s] ModuleNotFoundError: No module named 'distutils'
[1.620s] gmake[2]: *** [CMakeFiles/ament_cmake_python_build_pointcloud_egg.dir/build.make:70: CMakeFiles/ament_cmake_python_build_pointcloud_egg] Error 1
[1.620s] gmake[1]: *** [CMakeFiles/Makefile2:447: CMakeFiles/ament_cmake_python_build_pointcloud_egg.dir/all] Error 2
[1.620s] gmake[1]: *** Waiting for unfinished jobs....
[1.831s] [  6%] Built target pointcloud__cpp
[1.837s] [  9%] [32mBuilding C object CMakeFiles/pointcloud__rosidl_generator_c.dir/rosidl_generator_c/pointcloud/msg/detail/point_cloud__functions.c.o[0m
[1.890s] [ 12%] [32m[1mLinking C shared library libpointcloud__rosidl_generator_c.so[0m
[1.912s] [ 12%] Built target pointcloud__rosidl_generator_c
[1.912s] gmake: *** [Makefile:146: all] Error 2
[1.917s] Invoked command in '/home/kanja-koduki/buck_ws/build/pointcloud' returned '2': CMAKE_PREFIX_PATH=${CMAKE_PREFIX_PATH}:/home/kanja-koduki/buck_ws/install/my_point:/home/kanja-koduki/buck_ws/install/model_py:/home/kanja-koduki/hannah_ws/install/hannah_bot:/home/kanja-koduki/niki_ws/install/sjtu_drone_bringup:/home/kanja-koduki/zypher_ws/install/prius_sdc_pkg:/home/kanja-koduki/ortega_ws/install/ortega_bot:/opt/ros/humble /home/kanja-koduki/.local/bin/cmake --build /home/kanja-koduki/buck_ws/build/pointcloud -- -j8 -l8
