[0.150s] Invoking command in '/home/kanja-koduki/buck_ws/build/pointcloud': CMAKE_PREFIX_PATH=${CMAKE_PREFIX_PATH}:/home/kanja-koduki/buck_ws/install/my_point:/home/kanja-koduki/buck_ws/install/model_py:/home/kanja-koduki/hannah_ws/install/hannah_bot:/home/kanja-koduki/niki_ws/install/sjtu_drone_bringup:/home/kanja-koduki/zypher_ws/install/prius_sdc_pkg:/home/kanja-koduki/ortega_ws/install/ortega_bot:/opt/ros/humble /home/kanja-koduki/.local/bin/cmake --build /home/kanja-koduki/buck_ws/build/pointcloud -- -j8 -l8
[0.179s] -- Found ament_cmake: 1.3.5 (/opt/ros/humble/share/ament_cmake/cmake)
[0.348s] -- Found rosidl_default_generators: 1.2.0 (/opt/ros/humble/share/rosidl_default_generators/cmake)
[0.351s] -- Using all available rosidl_typesupport_c: rosidl_typesupport_fastrtps_c;rosidl_typesupport_introspection_c
[0.354s] -- Found rosidl_adapter: 3.1.5 (/opt/ros/humble/share/rosidl_adapter/cmake)
[0.380s] -- Using all available rosidl_typesupport_cpp: rosidl_typesupport_fastrtps_cpp;rosidl_typesupport_introspection_cpp
[0.753s] -- Found ament_cmake_ros: 0.10.0 (/opt/ros/humble/share/ament_cmake_ros/cmake)
[1.050s] -- Using all available rosidl_typesupport_c: rosidl_typesupport_fastrtps_c;rosidl_typesupport_introspection_c
[1.425s] -- Using all available rosidl_typesupport_cpp: rosidl_typesupport_fastrtps_cpp;rosidl_typesupport_introspection_cpp
[1.427s] [33mCMake Warning (dev) at /opt/ros/humble/share/rosidl_generator_py/cmake/rosidl_generator_py_generate_interfaces.cmake:20 (find_package):
[1.427s]   Policy CMP0148 is not set: The FindPythonInterp and FindPythonLibs modules
[1.427s]   are removed.  Run "cmake --help-policy CMP0148" for policy details.  Use
[1.427s]   the cmake_policy command to set the policy and suppress this warning.
[1.427s] 
[1.427s] Call Stack (most recent call first):
[1.427s]   /opt/ros/humble/share/ament_cmake_core/cmake/core/ament_execute_extensions.cmake:48 (include)
[1.427s]   /opt/ros/humble/share/rosidl_cmake/cmake/rosidl_generate_interfaces.cmake:286 (ament_execute_extensions)
[1.427s]   CMakeLists.txt:12 (rosidl_generate_interfaces)
[1.427s] This warning is for project developers.  Use -Wno-dev to suppress it.
[1.427s] [0m
[1.445s] -- Found python_cmake_module: 0.10.0 (/opt/ros/humble/share/python_cmake_module/cmake)
[1.445s] [33mCMake Warning (dev) at /opt/ros/humble/share/python_cmake_module/cmake/Modules/FindPythonExtra.cmake:52 (find_package):
[1.445s]   Policy CMP0148 is not set: The FindPythonInterp and FindPythonLibs modules
[1.445s]   are removed.  Run "cmake --help-policy CMP0148" for policy details.  Use
[1.445s]   the cmake_policy command to set the policy and suppress this warning.
[1.445s] 
[1.445s] Call Stack (most recent call first):
[1.445s]   /opt/ros/humble/share/rosidl_generator_py/cmake/rosidl_generator_py_generate_interfaces.cmake:23 (find_package)
[1.445s]   /opt/ros/humble/share/ament_cmake_core/cmake/core/ament_execute_extensions.cmake:48 (include)
[1.445s]   /opt/ros/humble/share/rosidl_cmake/cmake/rosidl_generate_interfaces.cmake:286 (ament_execute_extensions)
[1.445s]   CMakeLists.txt:12 (rosidl_generate_interfaces)
[1.445s] This warning is for project developers.  Use -Wno-dev to suppress it.
[1.445s] [0m
[1.462s] [33mCMake Warning (dev) at /opt/ros/humble/share/python_cmake_module/cmake/Modules/FindPythonExtra.cmake:140 (find_package):
[1.462s]   Policy CMP0148 is not set: The FindPythonInterp and FindPythonLibs modules
[1.462s]   are removed.  Run "cmake --help-policy CMP0148" for policy details.  Use
[1.462s]   the cmake_policy command to set the policy and suppress this warning.
[1.462s] 
[1.462s] Call Stack (most recent call first):
[1.462s]   /opt/ros/humble/share/rosidl_generator_py/cmake/rosidl_generator_py_generate_interfaces.cmake:23 (find_package)
[1.462s]   /opt/ros/humble/share/ament_cmake_core/cmake/core/ament_execute_extensions.cmake:48 (include)
[1.462s]   /opt/ros/humble/share/rosidl_cmake/cmake/rosidl_generate_interfaces.cmake:286 (ament_execute_extensions)
[1.463s]   CMakeLists.txt:12 (rosidl_generate_interfaces)
[1.463s] This warning is for project developers.  Use -Wno-dev to suppress it.
[1.463s] [0m
[1.464s] -- Using PYTHON_EXECUTABLE: /usr/bin/python3
[1.464s] -- Using PYTHON_INCLUDE_DIRS: /usr/include/python3.10
[1.464s] -- Using PYTHON_LIBRARIES: /usr/lib/x86_64-linux-gnu/libpython3.10.so
[1.479s] -- Configuring done (1.3s)
[1.496s] -- Generating done (0.0s)
[1.498s] -- Build files have been written to: /home/kanja-koduki/buck_ws/build/pointcloud
[1.512s] [  3%] Built target pointcloud__cpp
[1.513s] [ 12%] Built target pointcloud__rosidl_generator_c
[1.514s] [ 12%] Built target ament_cmake_python_copy_pointcloud
[1.516s] [ 16%] [34m[1mGenerating C++ type support for eProsima Fast-RTPS[0m
[1.516s] [ 19%] [34m[1mGenerating C++ introspection for ROS interfaces[0m
[1.516s] [ 22%] [34m[1mGenerating C++ type support dispatch for ROS interfaces[0m
[1.517s] [ 29%] [34m[1mGenerating C type support dispatch for ROS interfaces[0m
[1.517s] [ 29%] [34m[1mGenerating C introspection for ROS interfaces[0m
[1.517s] [ 32%] [34m[1mGenerating C type support for eProsima Fast-RTPS[0m
[1.552s] Traceback (most recent call last):
[1.552s]   File "/home/kanja-koduki/buck_ws/build/pointcloud/ament_cmake_python/pointcloud/setup.py", line 1, in <module>
[1.552s]     from setuptools import find_packages
[1.552s]   File "/usr/lib/python3/dist-packages/setuptools/__init__.py", line 10, in <module>
[1.552s]     import distutils.core
[1.552s] ModuleNotFoundError: No module named 'distutils'
[1.556s] gmake[2]: *** [CMakeFiles/ament_cmake_python_build_pointcloud_egg.dir/build.make:70: CMakeFiles/ament_cmake_python_build_pointcloud_egg] Error 1
[1.557s] gmake[1]: *** [CMakeFiles/Makefile2:447: CMakeFiles/ament_cmake_python_build_pointcloud_egg.dir/all] Error 2
[1.557s] gmake[1]: *** Waiting for unfinished jobs....
[1.770s] [ 35%] [32mBuilding CXX object CMakeFiles/pointcloud__rosidl_typesupport_introspection_cpp.dir/rosidl_typesupport_introspection_cpp/pointcloud/msg/detail/point_cloud__type_support.cpp.o[0m
[1.780s] [ 38%] [32mBuilding CXX object CMakeFiles/pointcloud__rosidl_typesupport_fastrtps_cpp.dir/rosidl_typesupport_fastrtps_cpp/pointcloud/msg/detail/dds_fastrtps/point_cloud__type_support.cpp.o[0m
[1.899s] [ 41%] [32mBuilding CXX object CMakeFiles/pointcloud__rosidl_typesupport_c.dir/rosidl_typesupport_c/pointcloud/msg/point_cloud__type_support.cpp.o[0m
[1.903s] [ 45%] [32mBuilding CXX object CMakeFiles/pointcloud__rosidl_typesupport_cpp.dir/rosidl_typesupport_cpp/pointcloud/msg/point_cloud__type_support.cpp.o[0m
[1.921s] [ 48%] [32mBuilding C object CMakeFiles/pointcloud__rosidl_typesupport_introspection_c.dir/rosidl_typesupport_introspection_c/pointcloud/msg/detail/point_cloud__type_support.c.o[0m
[1.922s] [ 51%] [32mBuilding CXX object CMakeFiles/pointcloud__rosidl_typesupport_fastrtps_c.dir/rosidl_typesupport_fastrtps_c/pointcloud/msg/detail/point_cloud__type_support_c.cpp.o[0m
[1.926s] [ 54%] [32m[1mLinking CXX shared library libpointcloud__rosidl_typesupport_c.so[0m
[1.952s] [ 54%] Built target pointcloud__rosidl_typesupport_c
[1.957s] [ 58%] [32m[1mLinking C shared library libpointcloud__rosidl_typesupport_introspection_c.so[0m
[1.971s] [ 58%] Built target pointcloud__rosidl_typesupport_introspection_c
[2.098s] [ 61%] [32m[1mLinking CXX shared library libpointcloud__rosidl_typesupport_cpp.so[0m
[2.119s] [ 61%] Built target pointcloud__rosidl_typesupport_cpp
[2.160s] [ 64%] [32m[1mLinking CXX shared library libpointcloud__rosidl_typesupport_fastrtps_c.so[0m
[2.162s] [ 67%] [32m[1mLinking CXX shared library libpointcloud__rosidl_typesupport_introspection_cpp.so[0m
[2.180s] [ 70%] [32m[1mLinking CXX shared library libpointcloud__rosidl_typesupport_fastrtps_cpp.so[0m
[2.226s] [ 70%] Built target pointcloud__rosidl_typesupport_introspection_cpp
[2.226s] [ 70%] Built target pointcloud__rosidl_typesupport_fastrtps_c
[2.242s] [ 70%] Built target pointcloud__rosidl_typesupport_fastrtps_cpp
[2.242s] gmake: *** [Makefile:146: all] Error 2
[2.247s] Invoked command in '/home/kanja-koduki/buck_ws/build/pointcloud' returned '2': CMAKE_PREFIX_PATH=${CMAKE_PREFIX_PATH}:/home/kanja-koduki/buck_ws/install/my_point:/home/kanja-koduki/buck_ws/install/model_py:/home/kanja-koduki/hannah_ws/install/hannah_bot:/home/kanja-koduki/niki_ws/install/sjtu_drone_bringup:/home/kanja-koduki/zypher_ws/install/prius_sdc_pkg:/home/kanja-koduki/ortega_ws/install/ortega_bot:/opt/ros/humble /home/kanja-koduki/.local/bin/cmake --build /home/kanja-koduki/buck_ws/build/pointcloud -- -j8 -l8
