[0.712s] Invoking command in '/home/kanja-koduki/buck_ws/build/realsense2_camera_msgs': CMAKE_PREFIX_PATH=${CMAKE_PREFIX_PATH}:/home/kanja-koduki/buck_ws/install/my_point:/home/kanja-koduki/buck_ws/install/model_py:/home/kanja-koduki/hannah_ws/install/hannah_bot:/home/kanja-koduki/niki_ws/install/sjtu_drone_bringup:/home/kanja-koduki/zypher_ws/install/prius_sdc_pkg:/home/kanja-koduki/ortega_ws/install/ortega_bot:/opt/ros/humble /home/kanja-koduki/.local/bin/cmake /home/kanja-koduki/buck_ws/src/test/realsense-ros/realsense2_camera_msgs -DCMAKE_INSTALL_PREFIX=/home/kanja-koduki/buck_ws/install/realsense2_camera_msgs
[1.414s] -- The C compiler identification is GNU 11.4.0
[1.414s] -- The CXX compiler identification is GNU 11.4.0
[1.414s] -- Detecting C compiler ABI info
[1.414s] -- Detecting C compiler ABI info - done
[1.414s] -- Check for working C compiler: /usr/bin/cc - skipped
[1.414s] -- Detecting C compile features
[1.414s] -- Detecting C compile features - done
[1.414s] -- Detecting CXX compiler ABI info
[1.414s] -- Detecting CXX compiler ABI info - done
[1.415s] -- Check for working CXX compiler: /usr/bin/c++ - skipped
[1.415s] -- Detecting CXX compile features
[1.415s] -- Detecting CXX compile features - done
[1.415s] -- Found ament_cmake: 1.3.5 (/opt/ros/humble/share/ament_cmake/cmake)
[1.415s] -- Found Python3: /usr/bin/python3.12 (found version "3.12.0") found components: Interpreter 
[1.530s] -- Found rosidl_default_generators: 1.2.0 (/opt/ros/humble/share/rosidl_default_generators/cmake)
[1.544s] -- Using all available rosidl_typesupport_c: rosidl_typesupport_fastrtps_c;rosidl_typesupport_introspection_c
[1.561s] -- Found rosidl_adapter: 3.1.5 (/opt/ros/humble/share/rosidl_adapter/cmake)
[1.631s] -- Using all available rosidl_typesupport_cpp: rosidl_typesupport_fastrtps_cpp;rosidl_typesupport_introspection_cpp
[1.696s] -- Found builtin_interfaces: 1.2.1 (/opt/ros/humble/share/builtin_interfaces/cmake)
[1.739s] -- Found std_msgs: 4.2.3 (/opt/ros/humble/share/std_msgs/cmake)
[1.781s] -- Found sensor_msgs: 4.2.3 (/opt/ros/humble/share/sensor_msgs/cmake)
[2.373s] -- Found ament_cmake_cppcheck: 0.12.8 (/opt/ros/humble/share/ament_cmake_cppcheck/cmake)
[2.377s] -- Found ament_cmake_cpplint: 0.12.8 (/opt/ros/humble/share/ament_cmake_cpplint/cmake)
[2.382s] -- Found ament_cmake_uncrustify: 0.12.8 (/opt/ros/humble/share/ament_cmake_uncrustify/cmake)
[2.387s] -- Found ament_cmake_ros: 0.10.0 (/opt/ros/humble/share/ament_cmake_ros/cmake)
[2.798s] -- Using all available rosidl_typesupport_c: rosidl_typesupport_fastrtps_c;rosidl_typesupport_introspection_c
[3.296s] -- Using all available rosidl_typesupport_cpp: rosidl_typesupport_fastrtps_cpp;rosidl_typesupport_introspection_cpp
[3.299s] [33mCMake Warning (dev) at /opt/ros/humble/share/rosidl_generator_py/cmake/rosidl_generator_py_generate_interfaces.cmake:20 (find_package):
[3.299s]   Policy CMP0148 is not set: The FindPythonInterp and FindPythonLibs modules
[3.299s]   are removed.  Run "cmake --help-policy CMP0148" for policy details.  Use
[3.299s]   the cmake_policy command to set the policy and suppress this warning.
[3.299s] 
[3.299s] Call Stack (most recent call first):
[3.299s]   /opt/ros/humble/share/ament_cmake_core/cmake/core/ament_execute_extensions.cmake:48 (include)
[3.300s]   /opt/ros/humble/share/rosidl_cmake/cmake/rosidl_generate_interfaces.cmake:286 (ament_execute_extensions)
[3.300s]   CMakeLists.txt:39 (rosidl_generate_interfaces)
[3.300s] This warning is for project developers.  Use -Wno-dev to suppress it.
[3.300s] [0m
[3.317s] -- Found PythonInterp: /usr/bin/python3 (found suitable version "3.10.12", minimum required is "3.6") 
[3.320s] -- Found python_cmake_module: 0.10.0 (/opt/ros/humble/share/python_cmake_module/cmake)
[3.321s] [33mCMake Warning (dev) at /opt/ros/humble/share/python_cmake_module/cmake/Modules/FindPythonExtra.cmake:52 (find_package):
[3.321s]   Policy CMP0148 is not set: The FindPythonInterp and FindPythonLibs modules
[3.321s]   are removed.  Run "cmake --help-policy CMP0148" for policy details.  Use
[3.321s]   the cmake_policy command to set the policy and suppress this warning.
[3.321s] 
[3.321s] Call Stack (most recent call first):
[3.321s]   /opt/ros/humble/share/rosidl_generator_py/cmake/rosidl_generator_py_generate_interfaces.cmake:23 (find_package)
[3.322s]   /opt/ros/humble/share/ament_cmake_core/cmake/core/ament_execute_extensions.cmake:48 (include)
[3.322s]   /opt/ros/humble/share/rosidl_cmake/cmake/rosidl_generate_interfaces.cmake:286 (ament_execute_extensions)
[3.322s]   CMakeLists.txt:39 (rosidl_generate_interfaces)
[3.322s] This warning is for project developers.  Use -Wno-dev to suppress it.
[3.322s] [0m
[3.339s] [33mCMake Warning (dev) at /opt/ros/humble/share/python_cmake_module/cmake/Modules/FindPythonExtra.cmake:140 (find_package):
[3.339s]   Policy CMP0148 is not set: The FindPythonInterp and FindPythonLibs modules
[3.339s]   are removed.  Run "cmake --help-policy CMP0148" for policy details.  Use
[3.339s]   the cmake_policy command to set the policy and suppress this warning.
[3.339s] 
[3.339s] Call Stack (most recent call first):
[3.339s]   /opt/ros/humble/share/rosidl_generator_py/cmake/rosidl_generator_py_generate_interfaces.cmake:23 (find_package)
[3.339s]   /opt/ros/humble/share/ament_cmake_core/cmake/core/ament_execute_extensions.cmake:48 (include)
[3.339s]   /opt/ros/humble/share/rosidl_cmake/cmake/rosidl_generate_interfaces.cmake:286 (ament_execute_extensions)
[3.339s]   CMakeLists.txt:39 (rosidl_generate_interfaces)
[3.339s] This warning is for project developers.  Use -Wno-dev to suppress it.
[3.340s] [0m
[3.347s] -- Found PythonLibs: /usr/lib/x86_64-linux-gnu/libpython3.10.so (found suitable version "3.10.12", minimum required is "3.5") 
[3.347s] -- Using PYTHON_EXECUTABLE: /usr/bin/python3
[3.347s] -- Using PYTHON_INCLUDE_DIRS: /usr/include/python3.10
[3.348s] -- Using PYTHON_LIBRARIES: /usr/lib/x86_64-linux-gnu/libpython3.10.so
[3.365s] -- Found PythonExtra: .so  
[3.445s] -- Found ament_cmake_flake8: 0.12.8 (/opt/ros/humble/share/ament_cmake_flake8/cmake)
[3.449s] -- Found ament_cmake_pep257: 0.12.8 (/opt/ros/humble/share/ament_cmake_pep257/cmake)
[3.460s] -- Configuring done (2.7s)
[3.509s] -- Generating done (0.0s)
[3.512s] -- Build files have been written to: /home/kanja-koduki/buck_ws/build/realsense2_camera_msgs
[3.528s] Invoked command in '/home/kanja-koduki/buck_ws/build/realsense2_camera_msgs' returned '0': CMAKE_PREFIX_PATH=${CMAKE_PREFIX_PATH}:/home/kanja-koduki/buck_ws/install/my_point:/home/kanja-koduki/buck_ws/install/model_py:/home/kanja-koduki/hannah_ws/install/hannah_bot:/home/kanja-koduki/niki_ws/install/sjtu_drone_bringup:/home/kanja-koduki/zypher_ws/install/prius_sdc_pkg:/home/kanja-koduki/ortega_ws/install/ortega_bot:/opt/ros/humble /home/kanja-koduki/.local/bin/cmake /home/kanja-koduki/buck_ws/src/test/realsense-ros/realsense2_camera_msgs -DCMAKE_INSTALL_PREFIX=/home/kanja-koduki/buck_ws/install/realsense2_camera_msgs
[3.530s] Invoking command in '/home/kanja-koduki/buck_ws/build/realsense2_camera_msgs': CMAKE_PREFIX_PATH=${CMAKE_PREFIX_PATH}:/home/kanja-koduki/buck_ws/install/my_point:/home/kanja-koduki/buck_ws/install/model_py:/home/kanja-koduki/hannah_ws/install/hannah_bot:/home/kanja-koduki/niki_ws/install/sjtu_drone_bringup:/home/kanja-koduki/zypher_ws/install/prius_sdc_pkg:/home/kanja-koduki/ortega_ws/install/ortega_bot:/opt/ros/humble /home/kanja-koduki/.local/bin/cmake --build /home/kanja-koduki/buck_ws/build/realsense2_camera_msgs -- -j8 -l8
[3.565s] [  1%] [34m[1mGenerating C code for ROS interfaces[0m
[3.569s] [  3%] [34m[1mGenerating C++ code for ROS interfaces[0m
[3.571s] [  3%] Built target ament_cmake_python_copy_realsense2_camera_msgs
[3.595s] Traceback (most recent call last):
[3.595s]   File "/home/kanja-koduki/buck_ws/build/realsense2_camera_msgs/ament_cmake_python/realsense2_camera_msgs/setup.py", line 1, in <module>
[3.595s]     from setuptools import find_packages
[3.595s]   File "/usr/lib/python3/dist-packages/setuptools/__init__.py", line 10, in <module>
[3.595s]     import distutils.core
[3.595s] ModuleNotFoundError: No module named 'distutils'
[3.598s] gmake[2]: *** [CMakeFiles/ament_cmake_python_build_realsense2_camera_msgs_egg.dir/build.make:70: CMakeFiles/ament_cmake_python_build_realsense2_camera_msgs_egg] Error 1
[3.598s] gmake[1]: *** [CMakeFiles/Makefile2:447: CMakeFiles/ament_cmake_python_build_realsense2_camera_msgs_egg.dir/all] Error 2
[3.598s] gmake[1]: *** Waiting for unfinished jobs....
[3.933s] [  3%] Built target realsense2_camera_msgs__cpp
[3.951s] [  6%] [32mBuilding C object CMakeFiles/realsense2_camera_msgs__rosidl_generator_c.dir/rosidl_generator_c/realsense2_camera_msgs/msg/detail/extrinsics__functions.c.o[0m
[3.951s] [  6%] [32mBuilding C object CMakeFiles/realsense2_camera_msgs__rosidl_generator_c.dir/rosidl_generator_c/realsense2_camera_msgs/msg/detail/imu_info__functions.c.o[0m
[3.951s] [  7%] [32mBuilding C object CMakeFiles/realsense2_camera_msgs__rosidl_generator_c.dir/rosidl_generator_c/realsense2_camera_msgs/msg/detail/metadata__functions.c.o[0m
[3.952s] [  9%] [32mBuilding C object CMakeFiles/realsense2_camera_msgs__rosidl_generator_c.dir/rosidl_generator_c/realsense2_camera_msgs/srv/detail/device_info__functions.c.o[0m
[3.952s] [ 11%] [32mBuilding C object CMakeFiles/realsense2_camera_msgs__rosidl_generator_c.dir/rosidl_generator_c/realsense2_camera_msgs/msg/detail/rgbd__functions.c.o[0m
[3.999s] [ 12%] [32m[1mLinking C shared library librealsense2_camera_msgs__rosidl_generator_c.so[0m
[4.023s] [ 12%] Built target realsense2_camera_msgs__rosidl_generator_c
[4.024s] gmake: *** [Makefile:146: all] Error 2
[4.028s] Invoked command in '/home/kanja-koduki/buck_ws/build/realsense2_camera_msgs' returned '2': CMAKE_PREFIX_PATH=${CMAKE_PREFIX_PATH}:/home/kanja-koduki/buck_ws/install/my_point:/home/kanja-koduki/buck_ws/install/model_py:/home/kanja-koduki/hannah_ws/install/hannah_bot:/home/kanja-koduki/niki_ws/install/sjtu_drone_bringup:/home/kanja-koduki/zypher_ws/install/prius_sdc_pkg:/home/kanja-koduki/ortega_ws/install/ortega_bot:/opt/ros/humble /home/kanja-koduki/.local/bin/cmake --build /home/kanja-koduki/buck_ws/build/realsense2_camera_msgs -- -j8 -l8
